<?xml version="1.0" encoding="utf-8"?><testsuites name="pytest tests"><testsuite name="pytest" errors="0" failures="0" skipped="0" tests="16" time="2.335" timestamp="2026-06-22T13:21:29.650032+00:00" hostname="agent-env-0d63ac81-2a62-40da-9331-e3a033e6d743"><testcase classname="backend.tests.test_branding.TestSetupAndPublicSettings" name="test_check_setup_endpoint_shape" time="0.141" /><testcase classname="backend.tests.test_branding.TestSetupAndPublicSettings" name="test_setup_completes_and_returns_token" time="0.336" /><testcase classname="backend.tests.test_branding.TestSetupAndPublicSettings" name="test_public_settings_after_setup" time="0.046" /><testcase classname="backend.tests.test_branding.TestSetupAndPublicSettings" name="test_setup_idempotency_rejects_second_call" time="0.042" /><testcase classname="backend.tests.test_branding.TestAdminLogin" name="test_login_success" time="0.283" /><testcase classname="backend.tests.test_branding.TestAdminLogin" name="test_login_invalid" time="0.293" /><testcase classname="backend.tests.test_branding.TestBrandingUpdate" name="test_put_requires_auth" time="0.051" /><testcase classname="backend.tests.test_branding.TestBrandingUpdate" name="test_update_business_name_and_accent" time="0.153" /><testcase classname="backend.tests.test_branding.TestBrandingUpdate" name="test_invalid_accent_rejected" time="0.045" /><testcase classname="backend.tests.test_branding.TestBrandingUpdate" name="test_update_contact_and_website" time="0.045" /><testcase classname="backend.tests.test_branding.TestBrandingLogo" name="test_logo_404_when_absent" time="0.122" /><testcase classname="backend.tests.test_branding.TestBrandingLogo" name="test_logo_upload_and_get" time="0.158" /><testcase classname="backend.tests.test_branding.TestBrandingLogo" name="test_logo_upload_requires_auth" time="0.052" /><testcase classname="backend.tests.test_branding.TestBrandingLogo" name="test_logo_delete" time="0.135" /><testcase classname="backend.tests.test_branding.TestBrandingLogo" name="test_logo_rejects_non_image" time="0.058" /><testcase classname="backend.tests.test_branding.TestShareFlow" name="test_create_gallery_and_share" time="0.172" /></testsuite></testsuites>