<?xml version="1.0" encoding="utf-8"?><testsuites name="pytest tests"><testsuite name="pytest" errors="0" failures="0" skipped="0" tests="15" time="2.704" timestamp="2026-06-22T13:52:06.584696+00:00" hostname="agent-env-0d63ac81-2a62-40da-9331-e3a033e6d743"><testcase classname="backend.tests.test_superadmin.TestSuperAdminLogin" name="test_login_success" time="0.429" /><testcase classname="backend.tests.test_superadmin.TestSuperAdminLogin" name="test_login_wrong_password" time="0.276" /><testcase classname="backend.tests.test_superadmin.TestSuperAdminLogin" name="test_login_wrong_username" time="0.047" /><testcase classname="backend.tests.test_superadmin.TestAccountInfo" name="test_account_requires_auth" time="0.051" /><testcase classname="backend.tests.test_superadmin.TestAccountInfo" name="test_account_bad_token" time="0.046" /><testcase classname="backend.tests.test_superadmin.TestAccountInfo" name="test_account_shape" time="0.321" /><testcase classname="backend.tests.test_superadmin.TestStorageLimit" name="test_set_limit_5gb" time="0.093" /><testcase classname="backend.tests.test_superadmin.TestStorageLimit" name="test_set_limit_unlimited" time="0.095" /><testcase classname="backend.tests.test_superadmin.TestStorageLimit" name="test_set_limit_requires_auth" time="0.047" /><testcase classname="backend.tests.test_superadmin.TestSuspendFlow" name="test_full_cycle" time="0.733" /><testcase classname="backend.tests.test_superadmin.TestDeleteInstance" name="test_missing_confirm_rejected" time="0.053" /><testcase classname="backend.tests.test_superadmin.TestDeleteInstance" name="test_wrong_confirm_rejected" time="0.046" /><testcase classname="backend.tests.test_superadmin.TestDeleteInstance" name="test_requires_auth" time="0.045" /><testcase classname="backend.tests.test_superadmin.TestRegression" name="test_customer_login" time="0.280" /><testcase classname="backend.tests.test_superadmin.TestRegression" name="test_settings_branding_fields" time="0.046" /></testsuite></testsuites>